DEBUG:adozione.views:ERRORE
DEBUG:adozione.views:OK
DEBUG:adozione.views:ERRORE
DEBUG:adozione.views:OK
DEBUG:adozione.views:ERRORE
DEBUG:adozione.views:OK
DEBUG:adozione.views:ERRORE
DEBUG:adozione.views:OK
DEBUG:adozione.views:Richiesta di adozione creata con successo
DEBUG:adozione.views:OK
DEBUG:adozione.views:home
DEBUG:adozione.views:home
DEBUG:adozione.views:homeAmmm
DEBUG:adozione.views:Richiesta di adozione creata con successo
DEBUG:adozione.views:OK
DEBUG:adozione.views:home
DEBUG:adozione.views:home
DEBUG:adozione.views:homeAmmm
DEBUG:adozione.views:Richiesta di adozione creata con successo
DEBUG:adozione.views:OK
DEBUG:adozione.views:home
DEBUG:adozione.views:home
DEBUG:adozione.views:homeAmmm
DEBUG:adozione.views:homeAmmm
DEBUG:adozione.views:home
DEBUG:adozione.views:home
DEBUG:adozione.views:home
DEBUG:adozione.views:Richiesta di adozione creata con successo
DEBUG:adozione.views:home
DEBUG:adozione.views:Richiesta di adozione creata con successo
DEBUG:adozione.views:homeAmmm
